C:\USERS\CWANG\DOCUMENTS\VISUAL STUDIO 2012\PROJECTS\DATASTRUCTURE\DATASTRUCTURE\DEBUG\DATASTRUCTURE.PCH
C:\USERS\CWANG\DOCUMENTS\VISUAL STUDIO 2012\PROJECTS\DATASTRUCTURE\DATASTRUCTURE\DEBUG\STDAFX.OBJ
C:\USERS\CWANG\DOCUMENTS\VISUAL STUDIO 2012\PROJECTS\DATASTRUCTURE\DATASTRUCTURE\DEBUG\VC110.PDB
C:\USERS\CWANG\DOCUMENTS\VISUAL STUDIO 2012\PROJECTS\DATASTRUCTURE\DATASTRUCTURE\DEBUG\8QUEEN.OBJ
C:\USERS\CWANG\DOCUMENTS\VISUAL STUDIO 2012\PROJECTS\DATASTRUCTURE\DATASTRUCTURE\DEBUG\CODEPRACTICE.OBJ
C:\USERS\CWANG\DOCUMENTS\VISUAL STUDIO 2012\PROJECTS\DATASTRUCTURE\DATASTRUCTURE\DEBUG\DATASTRUCTURE.OBJ
C:\USERS\CWANG\DOCUMENTS\VISUAL STUDIO 2012\PROJECTS\DATASTRUCTURE\DATASTRUCTURE\DEBUG\ELEVATOR.OBJ
C:\USERS\CWANG\DOCUMENTS\VISUAL STUDIO 2012\PROJECTS\DATASTRUCTURE\DATASTRUCTURE\DEBUG\FACTORYPATTERN.OBJ
C:\USERS\CWANG\DOCUMENTS\VISUAL STUDIO 2012\PROJECTS\DATASTRUCTURE\DATASTRUCTURE\DEBUG\KNIGHTTOUR.OBJ
C:\USERS\CWANG\DOCUMENTS\VISUAL STUDIO 2012\PROJECTS\DATASTRUCTURE\DATASTRUCTURE\DEBUG\P2.OBJ
C:\USERS\CWANG\DOCUMENTS\VISUAL STUDIO 2012\PROJECTS\DATASTRUCTURE\DATASTRUCTURE\DEBUG\QUEUE.OBJ
C:\USERS\CWANG\DOCUMENTS\VISUAL STUDIO 2012\PROJECTS\DATASTRUCTURE\DATASTRUCTURE\DEBUG\SINGLETON.OBJ
C:\USERS\CWANG\DOCUMENTS\VISUAL STUDIO 2012\PROJECTS\DATASTRUCTURE\DATASTRUCTURE\DEBUG\STACK.OBJ
C:\USERS\CWANG\DOCUMENTS\VISUAL STUDIO 2012\PROJECTS\DATASTRUCTURE\DATASTRUCTURE\DEBUG\TREES.OBJ
C:\Users\cwang\Documents\Visual Studio 2012\Projects\DataStructure\DataStructure\Debug\8Queen.obj
C:\Users\cwang\Documents\Visual Studio 2012\Projects\DataStructure\DataStructure\Debug\CodePractice.obj
C:\Users\cwang\Documents\Visual Studio 2012\Projects\DataStructure\DataStructure\Debug\DataStructure.obj
C:\Users\cwang\Documents\Visual Studio 2012\Projects\DataStructure\DataStructure\Debug\Elevator.obj
C:\Users\cwang\Documents\Visual Studio 2012\Projects\DataStructure\DataStructure\Debug\FactoryPattern.obj
C:\Users\cwang\Documents\Visual Studio 2012\Projects\DataStructure\DataStructure\Debug\KnightTour.obj
C:\Users\cwang\Documents\Visual Studio 2012\Projects\DataStructure\DataStructure\Debug\P2.obj
C:\Users\cwang\Documents\Visual Studio 2012\Projects\DataStructure\DataStructure\Debug\Queue.obj
C:\Users\cwang\Documents\Visual Studio 2012\Projects\DataStructure\DataStructure\Debug\Singleton.obj
C:\Users\cwang\Documents\Visual Studio 2012\Projects\DataStructure\DataStructure\Debug\Stack.obj
C:\Users\cwang\Documents\Visual Studio 2012\Projects\DataStructure\DataStructure\Debug\stdafx.obj
C:\Users\cwang\Documents\Visual Studio 2012\Projects\DataStructure\DataStructure\Debug\Trees.obj
C:\Users\cwang\Documents\Visual Studio 2012\Projects\DataStructure\DataStructure\Debug\cl.command.1.tlog
C:\Users\cwang\Documents\Visual Studio 2012\Projects\DataStructure\DataStructure\Debug\CL.read.1.tlog
C:\Users\cwang\Documents\Visual Studio 2012\Projects\DataStructure\DataStructure\Debug\CL.write.1.tlog
C:\Users\cwang\Documents\Visual Studio 2012\Projects\DataStructure\DataStructure\Debug\DataStructure.pch
C:\Users\cwang\Documents\Visual Studio 2012\Projects\DataStructure\DataStructure\Debug\vc110.idb
C:\Users\cwang\Documents\Visual Studio 2012\Projects\DataStructure\DataStructure\Debug\vc110.pdb
