Build started 12/10/2013 5:20:05 PM.
     1>Project "C:\Users\cwang\Documents\Visual Studio 2012\Projects\DataStructure\DataStructure\DataStructure.vcxproj" on node 2 (Rebuild target(s)).
     1>ClCompile:
         C:\Program Files (x86)\Microsoft Visual Studio 11.0\VC\bin\CL.exe /c /ZI /nologo /W3 /WX- /sdl /Od /Oy- /D WIN32 /D _DEBUG /D _CONSOLE /D _UNICODE /D UNICODE /Gm /EHsc /RTC1 /MDd /GS /fp:precise /Zc:wchar_t /Zc:forScope /Yc"stdafx.h" /Fp"Debug\DataStructure.pch" /Fo"Debug\\" /Fd"Debug\vc110.pdb" /Gd /TP /analyze- /errorReport:prompt stdafx.cpp
         stdafx.cpp
         C:\Program Files (x86)\Microsoft Visual Studio 11.0\VC\bin\CL.exe /c /ZI /nologo /W3 /WX- /sdl /Od /Oy- /D WIN32 /D _DEBUG /D _CONSOLE /D _UNICODE /D UNICODE /Gm /EHsc /RTC1 /MDd /GS /fp:precise /Zc:wchar_t /Zc:forScope /Yu"stdafx.h" /Fp"Debug\DataStructure.pch" /Fo"Debug\\" /Fd"Debug\vc110.pdb" /Gd /TP /analyze- /errorReport:prompt 8Queen.cpp CodePractice.cpp DataStructure.cpp Elevator.cpp FactoryPattern.cpp KnightTour.cpp P2.cpp Queue.cpp Singleton.cpp Stack.cpp Tree.cpp Trees.cpp
         Trees.cpp
         Tree.cpp
         Stack.cpp
         Singleton.cpp
         Queue.cpp
         P2.cpp
     1>c:\users\cwang\documents\visual studio 2012\projects\datastructure\datastructure\p2.cpp(26): warning C4804: '<=' : unsafe use of type 'bool' in operation
     1>c:\users\cwang\documents\visual studio 2012\projects\datastructure\datastructure\p2.cpp(28): warning C4804: '<=' : unsafe use of type 'bool' in operation
         KnightTour.cpp
         FactoryPattern.cpp
         Elevator.cpp
         DataStructure.cpp
     1>c:\users\cwang\documents\visual studio 2012\projects\datastructure\datastructure\codepractice.cpp(286): warning C4018: '>' : signed/unsigned mismatch
     1>c:\users\cwang\documents\visual studio 2012\projects\datastructure\datastructure\codepractice.cpp(361): warning C4018: '<' : signed/unsigned mismatch
     1>c:\users\cwang\documents\visual studio 2012\projects\datastructure\datastructure\codepractice.cpp(380): warning C4018: '<' : signed/unsigned mismatch
     1>c:\users\cwang\documents\visual studio 2012\projects\datastructure\datastructure\codepractice.cpp(420): warning C4018: '<' : signed/unsigned mismatch
     1>c:\users\cwang\documents\visual studio 2012\projects\datastructure\datastructure\codepractice.cpp(422): warning C4018: '<' : signed/unsigned mismatch
     1>c:\users\cwang\documents\visual studio 2012\projects\datastructure\datastructure\codepractice.cpp(436): warning C4018: '<' : signed/unsigned mismatch
     1>c:\users\cwang\documents\visual studio 2012\projects\datastructure\datastructure\codepractice.cpp(516): warning C4554: '&' : check operator precedence for possible error; use parentheses to clarify precedence
     1>c:\users\cwang\documents\visual studio 2012\projects\datastructure\datastructure\datastructure.cpp(124): warning C4018: '<' : signed/unsigned mismatch
     1>c:\users\cwang\documents\visual studio 2012\projects\datastructure\datastructure\datastructure.cpp(126): warning C4018: '<' : signed/unsigned mismatch
     1>c:\users\cwang\documents\visual studio 2012\projects\datastructure\datastructure\datastructure.cpp(160): warning C4018: '<' : signed/unsigned mismatch
     1>c:\users\cwang\documents\visual studio 2012\projects\datastructure\datastructure\datastructure.cpp(162): warning C4018: '<' : signed/unsigned mismatch
     1>c:\users\cwang\documents\visual studio 2012\projects\datastructure\datastructure\datastructure.cpp(182): warning C4018: '<' : signed/unsigned mismatch
     1>c:\users\cwang\documents\visual studio 2012\projects\datastructure\datastructure\datastructure.cpp(184): warning C4018: '<' : signed/unsigned mismatch
     1>c:\users\cwang\documents\visual studio 2012\projects\datastructure\datastructure\datastructure.cpp(269): warning C4554: '&' : check operator precedence for possible error; use parentheses to clarify precedence
         CodePractice.cpp
     1>c:\users\cwang\documents\visual studio 2012\projects\datastructure\datastructure\codepractice.cpp(286): warning C4018: '>' : signed/unsigned mismatch
     1>c:\users\cwang\documents\visual studio 2012\projects\datastructure\datastructure\codepractice.cpp(361): warning C4018: '<' : signed/unsigned mismatch
     1>c:\users\cwang\documents\visual studio 2012\projects\datastructure\datastructure\codepractice.cpp(380): warning C4018: '<' : signed/unsigned mismatch
     1>c:\users\cwang\documents\visual studio 2012\projects\datastructure\datastructure\codepractice.cpp(420): warning C4018: '<' : signed/unsigned mismatch
     1>c:\users\cwang\documents\visual studio 2012\projects\datastructure\datastructure\codepractice.cpp(422): warning C4018: '<' : signed/unsigned mismatch
     1>c:\users\cwang\documents\visual studio 2012\projects\datastructure\datastructure\codepractice.cpp(436): warning C4018: '<' : signed/unsigned mismatch
     1>c:\users\cwang\documents\visual studio 2012\projects\datastructure\datastructure\codepractice.cpp(516): warning C4554: '&' : check operator precedence for possible error; use parentheses to clarify precedence
         8Queen.cpp
         Generating Code...
     1>c:\users\cwang\documents\visual studio 2012\projects\datastructure\datastructure\codepractice.cpp(139): warning C4715: 'find_kth_smallest' : not all control paths return a value
       Link:
         C:\Program Files (x86)\Microsoft Visual Studio 11.0\VC\bin\link.exe /ERRORREPORT:PROMPT /OUT:"C:\Users\cwang\Documents\Visual Studio 2012\Projects\DataStructure\Debug\DataStructure.exe" /INCREMENTAL /NOLOGO kernel32.lib user32.lib gdi32.lib winspool.lib comdlg32.lib advapi32.lib shell32.lib ole32.lib oleaut32.lib uuid.lib odbc32.lib odbccp32.lib /MANIFEST /MANIFESTUAC:"level='asInvoker' uiAccess='false'" /manifest:embed /DEBUG /PDB:"C:\Users\cwang\Documents\Visual Studio 2012\Projects\DataStructure\Debug\DataStructure.pdb" /SUBSYSTEM:CONSOLE /TLBID:1 /DYNAMICBASE /NXCOMPAT /IMPLIB:"C:\Users\cwang\Documents\Visual Studio 2012\Projects\DataStructure\Debug\DataStructure.lib" /MACHINE:X86 Debug\8Queen.obj
         Debug\CodePractice.obj
         Debug\DataStructure.obj
         Debug\Elevator.obj
         Debug\FactoryPattern.obj
         Debug\KnightTour.obj
         Debug\P2.obj
         Debug\Queue.obj
         Debug\Singleton.obj
         Debug\Stack.obj
         Debug\stdafx.obj
         Debug\Tree.obj
         Debug\Trees.obj
         DataStructure.vcxproj -> C:\Users\cwang\Documents\Visual Studio 2012\Projects\DataStructure\Debug\DataStructure.exe
     1>Done Building Project "C:\Users\cwang\Documents\Visual Studio 2012\Projects\DataStructure\DataStructure\DataStructure.vcxproj" (Rebuild target(s)).

Build succeeded.

Time Elapsed 00:00:05.46
