C:\USERS\CWANG\DOCUMENTS\VISUAL STUDIO 2012\PROJECTS\NERD.TEXASPOKER.IMPLEMENT\NERD.TEXASPOKER.IMPLEMENT\DEBUG\NERD.TEXASPOKER.IMPLEMENT.PCH
C:\USERS\CWANG\DOCUMENTS\VISUAL STUDIO 2012\PROJECTS\NERD.TEXASPOKER.IMPLEMENT\NERD.TEXASPOKER.IMPLEMENT\DEBUG\STDAFX.OBJ
C:\USERS\CWANG\DOCUMENTS\VISUAL STUDIO 2012\PROJECTS\NERD.TEXASPOKER.IMPLEMENT\NERD.TEXASPOKER.IMPLEMENT\DEBUG\VC110.PDB
C:\USERS\CWANG\DOCUMENTS\VISUAL STUDIO 2012\PROJECTS\NERD.TEXASPOKER.IMPLEMENT\NERD.TEXASPOKER.IMPLEMENT\DEBUG\CARDS.OBJ
C:\USERS\CWANG\DOCUMENTS\VISUAL STUDIO 2012\PROJECTS\NERD.TEXASPOKER.IMPLEMENT\NERD.TEXASPOKER.IMPLEMENT\DEBUG\GAMEENGINE.OBJ
C:\USERS\CWANG\DOCUMENTS\VISUAL STUDIO 2012\PROJECTS\NERD.TEXASPOKER.IMPLEMENT\NERD.TEXASPOKER.IMPLEMENT\DEBUG\NERD.TEXASPOKER.IMPLEMENT.OBJ
C:\USERS\CWANG\DOCUMENTS\VISUAL STUDIO 2012\PROJECTS\NERD.TEXASPOKER.IMPLEMENT\NERD.TEXASPOKER.IMPLEMENT\DEBUG\PLAYERS.OBJ
C:\USERS\CWANG\DOCUMENTS\VISUAL STUDIO 2012\PROJECTS\NERD.TEXASPOKER.IMPLEMENT\NERD.TEXASPOKER.IMPLEMENT\DEBUG\TABLE.OBJ
C:\USERS\CWANG\DOCUMENTS\VISUAL STUDIO 2012\PROJECTS\NERD.TEXASPOKER.IMPLEMENT\DEBUG\NERD.TEXASPOKER.IMPLEMENT.ILK
C:\USERS\CWANG\DOCUMENTS\VISUAL STUDIO 2012\PROJECTS\NERD.TEXASPOKER.IMPLEMENT\DEBUG\NERD.TEXASPOKER.IMPLEMENT.EXE
C:\USERS\CWANG\DOCUMENTS\VISUAL STUDIO 2012\PROJECTS\NERD.TEXASPOKER.IMPLEMENT\DEBUG\NERD.TEXASPOKER.IMPLEMENT.PDB
C:\Users\cwang\Documents\Visual Studio 2012\Projects\Nerd.TexasPoker.Implement\Nerd.TexasPoker.Implement\Debug\Cards.obj
C:\Users\cwang\Documents\Visual Studio 2012\Projects\Nerd.TexasPoker.Implement\Nerd.TexasPoker.Implement\Debug\GameEngine.obj
C:\Users\cwang\Documents\Visual Studio 2012\Projects\Nerd.TexasPoker.Implement\Nerd.TexasPoker.Implement\Debug\Nerd.TexasPoker.Implement.obj
C:\Users\cwang\Documents\Visual Studio 2012\Projects\Nerd.TexasPoker.Implement\Nerd.TexasPoker.Implement\Debug\Players.obj
C:\Users\cwang\Documents\Visual Studio 2012\Projects\Nerd.TexasPoker.Implement\Nerd.TexasPoker.Implement\Debug\stdafx.obj
C:\Users\cwang\Documents\Visual Studio 2012\Projects\Nerd.TexasPoker.Implement\Nerd.TexasPoker.Implement\Debug\Table.obj
C:\Users\cwang\Documents\Visual Studio 2012\Projects\Nerd.TexasPoker.Implement\Nerd.TexasPoker.Implement\Debug\cl.command.1.tlog
C:\Users\cwang\Documents\Visual Studio 2012\Projects\Nerd.TexasPoker.Implement\Nerd.TexasPoker.Implement\Debug\CL.read.1.tlog
C:\Users\cwang\Documents\Visual Studio 2012\Projects\Nerd.TexasPoker.Implement\Nerd.TexasPoker.Implement\Debug\CL.write.1.tlog
C:\Users\cwang\Documents\Visual Studio 2012\Projects\Nerd.TexasPoker.Implement\Nerd.TexasPoker.Implement\Debug\link-cvtres.read.1.tlog
C:\Users\cwang\Documents\Visual Studio 2012\Projects\Nerd.TexasPoker.Implement\Nerd.TexasPoker.Implement\Debug\link-cvtres.write.1.tlog
C:\Users\cwang\Documents\Visual Studio 2012\Projects\Nerd.TexasPoker.Implement\Nerd.TexasPoker.Implement\Debug\link-rc.read.1.tlog
C:\Users\cwang\Documents\Visual Studio 2012\Projects\Nerd.TexasPoker.Implement\Nerd.TexasPoker.Implement\Debug\link-rc.write.1.tlog
C:\Users\cwang\Documents\Visual Studio 2012\Projects\Nerd.TexasPoker.Implement\Nerd.TexasPoker.Implement\Debug\link.command.1.tlog
C:\Users\cwang\Documents\Visual Studio 2012\Projects\Nerd.TexasPoker.Implement\Nerd.TexasPoker.Implement\Debug\link.read.1.tlog
C:\Users\cwang\Documents\Visual Studio 2012\Projects\Nerd.TexasPoker.Implement\Nerd.TexasPoker.Implement\Debug\link.write.1.tlog
C:\Users\cwang\Documents\Visual Studio 2012\Projects\Nerd.TexasPoker.Implement\Nerd.TexasPoker.Implement\Debug\Nerd.TexasPoker.Implement.pch
C:\Users\cwang\Documents\Visual Studio 2012\Projects\Nerd.TexasPoker.Implement\Nerd.TexasPoker.Implement\Debug\vc110.idb
C:\Users\cwang\Documents\Visual Studio 2012\Projects\Nerd.TexasPoker.Implement\Nerd.TexasPoker.Implement\Debug\vc110.pdb
C:\Users\cwang\Documents\Visual Studio 2012\Projects\Nerd.TexasPoker.Implement\Debug\Nerd.TexasPoker.Implement.pdb
C:\Users\cwang\Documents\Visual Studio 2012\Projects\Nerd.TexasPoker.Implement\Debug\Nerd.TexasPoker.Implement.exe
C:\Users\cwang\Documents\Visual Studio 2012\Projects\Nerd.TexasPoker.Implement\Debug\Nerd.TexasPoker.Implement.ilk
